error: Uncaught Exception: something wrong {"stack":"Error: something wrong\n    at Object.<anonymous> (C:\\Users\\tmush\\Desktop\\Node.js\\Vidly\\index.js:30:7)\n    at Module._compile (node:internal/modules/cjs/loader:1126:14)\n    at Object.Module._extensions..js (node:internal/modules/cjs/loader:1180:10)\n    at Module.load (node:internal/modules/cjs/loader:1004:32)\n    at Function.Module._load (node:internal/modules/cjs/loader:839:12)\n    at Function.executeUserEntryPoint [as runMain] (node:internal/modules/run_main:81:12)\n    at node:internal/main/run_main_module:17:47"}
error: Uncaught Exception: something wrong {"stack":"Error: something wrong\n    at Object.<anonymous> (C:\\Users\\tmush\\Desktop\\Node.js\\Vidly\\index.js:36:7)\n    at Module._compile (node:internal/modules/cjs/loader:1126:14)\n    at Object.Module._extensions..js (node:internal/modules/cjs/loader:1180:10)\n    at Module.load (node:internal/modules/cjs/loader:1004:32)\n    at Function.Module._load (node:internal/modules/cjs/loader:839:12)\n    at Function.executeUserEntryPoint [as runMain] (node:internal/modules/run_main:81:12)\n    at node:internal/main/run_main_module:17:47"}
error: Uncaught Exception: something wrong {"stack":"Error: something wrong\n    at Object.<anonymous> (C:\\Users\\tmush\\Desktop\\Node.js\\Vidly\\index.js:38:24)\n    at Module._compile (node:internal/modules/cjs/loader:1126:14)\n    at Object.Module._extensions..js (node:internal/modules/cjs/loader:1180:10)\n    at Module.load (node:internal/modules/cjs/loader:1004:32)\n    at Function.Module._load (node:internal/modules/cjs/loader:839:12)\n    at Function.executeUserEntryPoint [as runMain] (node:internal/modules/run_main:81:12)\n    at node:internal/main/run_main_module:17:47"}
error: Uncaught Exception: something wrong {"stack":"Error: something wrong\n    at Object.<anonymous> (C:\\Users\\tmush\\Desktop\\Node.js\\Vidly\\index.js:38:24)\n    at Module._compile (node:internal/modules/cjs/loader:1126:14)\n    at Object.Module._extensions..js (node:internal/modules/cjs/loader:1180:10)\n    at Module.load (node:internal/modules/cjs/loader:1004:32)\n    at Function.Module._load (node:internal/modules/cjs/loader:839:12)\n    at Function.executeUserEntryPoint [as runMain] (node:internal/modules/run_main:81:12)\n    at node:internal/main/run_main_module:17:47"}
error: Uncaught Exception: something wrong {"stack":"Error: something wrong\n    at Object.<anonymous> (C:\\Users\\tmush\\Desktop\\Node.js\\Vidly\\index.js:38:24)\n    at Module._compile (node:internal/modules/cjs/loader:1126:14)\n    at Object.Module._extensions..js (node:internal/modules/cjs/loader:1180:10)\n    at Module.load (node:internal/modules/cjs/loader:1004:32)\n    at Function.Module._load (node:internal/modules/cjs/loader:839:12)\n    at Function.executeUserEntryPoint [as runMain] (node:internal/modules/run_main:81:12)\n    at node:internal/main/run_main_module:17:47"}
error: unhandledRejection: something wrong {"stack":"Error: something wrong\n    at Object.<anonymous> (C:\\Users\\tmush\\Desktop\\Node.js\\Vidly\\index.js:38:24)\n    at Module._compile (node:internal/modules/cjs/loader:1126:14)\n    at Object.Module._extensions..js (node:internal/modules/cjs/loader:1180:10)\n    at Module.load (node:internal/modules/cjs/loader:1004:32)\n    at Function.Module._load (node:internal/modules/cjs/loader:839:12)\n    at Function.executeUserEntryPoint [as runMain] (node:internal/modules/run_main:81:12)\n    at node:internal/main/run_main_module:17:47"}
info: Connected to db
info: Connected to db
{"level":"info","message":"Connected to db"}
{"level":"info","message":"Connected to db"}
{"level":"info","message":"Connected to db"}
{"level":"info","message":"Connected to db"}
{"level":"info","message":"Connected to db"}
{"level":"info","message":"Connected to db"}
{"level":"info","message":"Lisiting on 3000..."}
{"level":"info","message":"Lisiting on 3000..."}
{"level":"info","message":"Lisiting on 3000..."}
{"level":"info","message":"Connected to db: Success"}
{"level":"info","message":"Lisiting on 3000..."}
{"level":"info","message":"Connected to db: Success"}
